<?xml version="1.0" encoding="UTF-8"?>
<!-- Generated by org.testng.reporters.JUnitReportReporter -->
<testsuite hostname="sal-Lenovo-ideapad-320-15ABR" failures="0" tests="1" name="com.academy.E2EProject.ValidateNavBar" time="0.372" errors="0" timestamp="5 Feb 2021 13:21:21 GMT">
  <testcase classname="com.academy.E2EProject.ValidateNavBar" name="basePageNavigation" time="0.372"/>
</testsuite> <!-- com.academy.E2EProject.ValidateNavBar -->
