<?xml version="1.0" encoding="UTF-8"?>
<!-- Generated by org.testng.reporters.JUnitReportReporter -->
<testsuite hostname="sal-Lenovo-ideapad-320-15ABR" failures="0" tests="2" name="com.academy.E2EProject.HomePage" time="27.948" errors="0" timestamp="11 Jan 2021 04:46:15 GMT">
  <testcase classname="com.academy.E2EProject.HomePage" name="basePageNavigation" time="3.783"/>
  <testcase classname="com.academy.E2EProject.HomePage" name="basePageNavigation" time="24.165"/>
</testsuite> <!-- com.academy.E2EProject.HomePage -->
