<?xml version="1.0" encoding="UTF-8"?>
<!-- Generated by org.testng.reporters.JUnitReportReporter -->
<testsuite hostname="sal-Lenovo-ideapad-320-15ABR" failures="0" tests="1" name="com.academy.E2EProject.ValidateNavBar" time="0.110" errors="0" timestamp="11 Jan 2021 04:58:21 GMT">
  <testcase classname="com.academy.E2EProject.ValidateNavBar" name="basePageNavigation" time="0.110"/>
</testsuite> <!-- com.academy.E2EProject.ValidateNavBar -->
