<?xml version="1.0" encoding="UTF-8"?>
<!-- Generated by org.testng.reporters.JUnitReportReporter -->
<testsuite hostname="sal-Lenovo-ideapad-320-15ABR" failures="0" tests="1" name="com.academy.E2EProject.HomePage" time="4.582" errors="0" timestamp="11 Jan 2021 04:10:03 GMT">
  <testcase classname="com.academy.E2EProject.HomePage" name="basePageNavigation" time="4.582"/>
</testsuite> <!-- com.academy.E2EProject.HomePage -->
