<?xml version="1.0" encoding="UTF-8"?>
<!-- Generated by org.testng.reporters.JUnitReportReporter -->
<testsuite hostname="sal-Lenovo-ideapad-320-15ABR" failures="0" tests="1" name="com.academy.E2EProject.ValidateTitle" time="0.222" errors="0" timestamp="11 Jan 2021 04:10:03 GMT">
  <testcase classname="com.academy.E2EProject.ValidateTitle" name="basePageNavigation" time="0.222"/>
</testsuite> <!-- com.academy.E2EProject.ValidateTitle -->
